<?xml version="1.0" encoding="UTF-8"?>
<!-- Generated by org.testng.reporters.JUnitXMLReporter -->
<testsuite ignored="0" hostname="Chinnu" failures="1" tests="1" name="Default test" time="29.24" errors="0" timestamp="2026-04-30T20:08:50 IST">
  <testcase classname="io.cucumber.testng.AbstractTestNGCucumberTests" name="runScenario" time="0.49">
    <failure type="java.lang.IllegalArgumentException" message="Driver must be set">
      <![CDATA[java.lang.IllegalArgumentException: Driver must be set
at org.openqa.selenium.internal.Require.nonNull(Require.java:60)
at org.openqa.selenium.interactions.Actions.<init>(Actions.java:59)
at Pages.HomePage.<init>(HomePage.java:14)
at steps.userregistration.the_user_is_in_the_home_page(userregistration.java:17)
at ✽.the user is in the home page(file:///D:/HCL%20Hackathon%2016%20Projects/NopCommerce-master/src/test/java/features/userRegistration.feature:4)
]]>
    </failure>
  </testcase> <!-- runScenario -->
</testsuite> <!-- Default test -->
