<?xml version="1.0" encoding="UTF-8"?>
<!-- Generated by org.testng.reporters.JUnitReportReporter -->
<testsuite hostname="Chinnu" failures="0" tests="1" name="runner.TestRunner" time="1.378" errors="1" timestamp="2026-04-30T20:08:50 IST" skipped="0">
  <testcase classname="runner.TestRunner" name="runScenario" time="1.378">
    <error message="Driver must be set" type="java.lang.IllegalArgumentException">
      <![CDATA[java.lang.IllegalArgumentException: Driver must be set
at org.openqa.selenium.internal.Require.nonNull(Require.java:60)
at org.openqa.selenium.interactions.Actions.<init>(Actions.java:59)
at Pages.HomePage.<init>(HomePage.java:14)
at steps.userregistration.the_user_is_in_the_home_page(userregistration.java:17)
at ✽.the user is in the home page(file:///D:/HCL%20Hackathon%2016%20Projects/NopCommerce-master/src/test/java/features/userRegistration.feature:4)
]]>
    </error>
  </testcase> <!-- runScenario -->
</testsuite> <!-- runner.TestRunner -->
